This is pdfTeX, Version 3.141592653-2.6-1.40.22 (TeX Live 2021) (preloaded format=pdflatex 2021.11.29)  14 FEB 2022 12:44
entering extended mode
 restricted \write18 enabled.
 %&-line parsing enabled.
**Intro2bipartite.tex
(./Intro2bipartite.tex
LaTeX2e <2020-10-01> patch level 4
L3 programming layer <2021-02-18>
(/usr/local/texlive/2021/texmf-dist/tex/latex/base/article.cls
Document Class: article 2020/04/10 v1.4m Standard LaTeX document class
(/usr/local/texlive/2021/texmf-dist/tex/latex/base/size11.clo
File: size11.clo 2020/04/10 v1.4m Standard LaTeX file (size option)
)
\c@part=\count179
\c@section=\count180
\c@subsection=\count181
\c@subsubsection=\count182
\c@paragraph=\count183
\c@subparagraph=\count184
\c@figure=\count185
\c@table=\count186
\abovecaptionskip=\skip47
\belowcaptionskip=\skip48
\bibindent=\dimen138
)
(/usr/local/texlive/2021/texmf-dist/tex/latex/graphics/graphicx.sty
Package: graphicx 2020/09/09 v1.2b Enhanced LaTeX Graphics (DPC,SPQR)

(/usr/local/texlive/2021/texmf-dist/tex/latex/graphics/keyval.sty
Package: keyval 2014/10/28 v1.15 key=value parser (DPC)
\KV@toks@=\toks15
)
(/usr/local/texlive/2021/texmf-dist/tex/latex/graphics/graphics.sty
Package: graphics 2020/08/30 v1.4c Standard LaTeX Graphics (DPC,SPQR)

(/usr/local/texlive/2021/texmf-dist/tex/latex/graphics/trig.sty
Package: trig 2016/01/03 v1.10 sin cos tan (DPC)
)
(/usr/local/texlive/2021/texmf-dist/tex/latex/graphics-cfg/graphics.cfg
File: graphics.cfg 2016/06/04 v1.11 sample graphics configuration
)
Package graphics Info: Driver file: pdftex.def on input line 105.

(/usr/local/texlive/2021/texmf-dist/tex/latex/graphics-def/pdftex.def
File: pdftex.def 2020/10/05 v1.2a Graphics/color driver for pdftex
))
\Gin@req@height=\dimen139
\Gin@req@width=\dimen140
)
(/usr/local/texlive/2021/texmf-dist/tex/latex/graphics/color.sty
Package: color 2020/02/24 v1.2b Standard LaTeX Color (DPC)

(/usr/local/texlive/2021/texmf-dist/tex/latex/graphics-cfg/color.cfg
File: color.cfg 2016/01/02 v1.6 sample color configuration
)
Package color Info: Driver file: pdftex.def on input line 147.
)
(/usr/local/texlive/2021/texmf-dist/tex/latex/framed/framed.sty
Package: framed 2011/10/22 v 0.96: framed or shaded text with page breaks
\OuterFrameSep=\skip49
\fb@frw=\dimen141
\fb@frh=\dimen142
\FrameRule=\dimen143
\FrameSep=\dimen144
)
(/usr/local/texlive/2021/texmf-dist/tex/latex/base/alltt.sty
Package: alltt 1997/06/16 v2.0g defines alltt environment
)
(/usr/local/texlive/2021/texmf-dist/tex/latex/psnfss/mathpazo.sty
Package: mathpazo 2020/03/25 PSNFSS-v9.3 Palatino w/ Pazo Math (D.Puga, WaS) 
\symupright=\mathgroup4
)
(/usr/local/texlive/2021/texmf-dist/tex/latex/base/inputenc.sty
Package: inputenc 2020/08/01 v1.3d Input encoding file
\inpenc@prehook=\toks16
\inpenc@posthook=\toks17
)
(/usr/local/texlive/2021/texmf-dist/tex/latex/amsmath/amsmath.sty
Package: amsmath 2020/09/23 v2.17i AMS math features
\@mathmargin=\skip50

For additional information on amsmath, use the `?' option.
(/usr/local/texlive/2021/texmf-dist/tex/latex/amsmath/amstext.sty
Package: amstext 2000/06/29 v2.01 AMS text

(/usr/local/texlive/2021/texmf-dist/tex/latex/amsmath/amsgen.sty
File: amsgen.sty 1999/11/30 v2.0 generic functions
\@emptytoks=\toks18
\ex@=\dimen145
))
(/usr/local/texlive/2021/texmf-dist/tex/latex/amsmath/amsbsy.sty
Package: amsbsy 1999/11/29 v1.2d Bold Symbols
\pmbraise@=\dimen146
)
(/usr/local/texlive/2021/texmf-dist/tex/latex/amsmath/amsopn.sty
Package: amsopn 2016/03/08 v2.02 operator names
)
\inf@bad=\count187
LaTeX Info: Redefining \frac on input line 234.
\uproot@=\count188
\leftroot@=\count189
LaTeX Info: Redefining \overline on input line 399.
\classnum@=\count190
\DOTSCASE@=\count191
LaTeX Info: Redefining \ldots on input line 496.
LaTeX Info: Redefining \dots on input line 499.
LaTeX Info: Redefining \cdots on input line 620.
\Mathstrutbox@=\box47
\strutbox@=\box48
\big@size=\dimen147
LaTeX Font Info:    Redeclaring font encoding OML on input line 743.
LaTeX Font Info:    Redeclaring font encoding OMS on input line 744.
\macc@depth=\count192
\c@MaxMatrixCols=\count193
\dotsspace@=\muskip16
\c@parentequation=\count194
\dspbrk@lvl=\count195
\tag@help=\toks19
\row@=\count196
\column@=\count197
\maxfields@=\count198
\andhelp@=\toks20
\eqnshift@=\dimen148
\alignsep@=\dimen149
\tagshift@=\dimen150
\tagwidth@=\dimen151
\totwidth@=\dimen152
\lineht@=\dimen153
\@envbody=\toks21
\multlinegap=\skip51
\multlinetaggap=\skip52
\mathdisplay@stack=\toks22
LaTeX Info: Redefining \[ on input line 2923.
LaTeX Info: Redefining \] on input line 2924.
)
(/usr/local/texlive/2021/texmf-dist/tex/latex/geometry/geometry.sty
Package: geometry 2020/01/02 v5.9 Page Geometry

(/usr/local/texlive/2021/texmf-dist/tex/generic/iftex/ifvtex.sty
Package: ifvtex 2019/10/25 v1.7 ifvtex legacy package. Use iftex instead.

(/usr/local/texlive/2021/texmf-dist/tex/generic/iftex/iftex.sty
Package: iftex 2020/03/06 v1.0d TeX engine tests
))
\Gm@cnth=\count199
\Gm@cntv=\count266
\c@Gm@tempcnt=\count267
\Gm@bindingoffset=\dimen154
\Gm@wd@mp=\dimen155
\Gm@odd@mp=\dimen156
\Gm@even@mp=\dimen157
\Gm@layoutwidth=\dimen158
\Gm@layoutheight=\dimen159
\Gm@layouthoffset=\dimen160
\Gm@layoutvoffset=\dimen161
\Gm@dimlist=\toks23
)
(/usr/local/texlive/2021/texmf-dist/tex/latex/base/makeidx.sty
Package: makeidx 2014/09/29 v1.0m Standard LaTeX package
)
\@indexfile=\write3
\openout3 = `Intro2bipartite.idx'.


Writing index file Intro2bipartite.idx
(/usr/local/texlive/2021/texmf-dist/tex/latex/natbib/natbib.sty
Package: natbib 2010/09/13 8.31b (PWD, AO)
\bibhang=\skip53
\bibsep=\skip54
LaTeX Info: Redefining \cite on input line 694.
\c@NAT@ctr=\count268
)
(/usr/local/texlive/2021/texmf-dist/tex/latex/url/url.sty
\Urlmuskip=\muskip17
Package: url 2013/09/16  ver 3.4  Verb mode for urls, etc.
)
(/usr/local/texlive/2021/texmf-dist/tex/latex/hyperref/hyperref.sty
Package: hyperref 2021-02-27 v7.00k Hypertext links for LaTeX

(/usr/local/texlive/2021/texmf-dist/tex/generic/ltxcmds/ltxcmds.sty
Package: ltxcmds 2020-05-10 v1.25 LaTeX kernel commands for general use (HO)
)
(/usr/local/texlive/2021/texmf-dist/tex/generic/pdftexcmds/pdftexcmds.sty
Package: pdftexcmds 2020-06-27 v0.33 Utility functions of pdfTeX for LuaTeX (HO
)

(/usr/local/texlive/2021/texmf-dist/tex/generic/infwarerr/infwarerr.sty
Package: infwarerr 2019/12/03 v1.5 Providing info/warning/error messages (HO)
)
Package pdftexcmds Info: \pdf@primitive is available.
Package pdftexcmds Info: \pdf@ifprimitive is available.
Package pdftexcmds Info: \pdfdraftmode found.
)
(/usr/local/texlive/2021/texmf-dist/tex/generic/kvsetkeys/kvsetkeys.sty
Package: kvsetkeys 2019/12/15 v1.18 Key value parser (HO)
)
(/usr/local/texlive/2021/texmf-dist/tex/generic/kvdefinekeys/kvdefinekeys.sty
Package: kvdefinekeys 2019-12-19 v1.6 Define keys (HO)
)
(/usr/local/texlive/2021/texmf-dist/tex/generic/pdfescape/pdfescape.sty
Package: pdfescape 2019/12/09 v1.15 Implements pdfTeX's escape features (HO)
)
(/usr/local/texlive/2021/texmf-dist/tex/latex/hycolor/hycolor.sty
Package: hycolor 2020-01-27 v1.10 Color options for hyperref/bookmark (HO)
)
(/usr/local/texlive/2021/texmf-dist/tex/latex/letltxmacro/letltxmacro.sty
Package: letltxmacro 2019/12/03 v1.6 Let assignment for LaTeX macros (HO)
)
(/usr/local/texlive/2021/texmf-dist/tex/latex/auxhook/auxhook.sty
Package: auxhook 2019-12-17 v1.6 Hooks for auxiliary files (HO)
)
(/usr/local/texlive/2021/texmf-dist/tex/latex/kvoptions/kvoptions.sty
Package: kvoptions 2020-10-07 v3.14 Key value format for package options (HO)
)
\@linkdim=\dimen162
\Hy@linkcounter=\count269
\Hy@pagecounter=\count270

(/usr/local/texlive/2021/texmf-dist/tex/latex/hyperref/pd1enc.def
File: pd1enc.def 2021-02-27 v7.00k Hyperref: PDFDocEncoding definition (HO)
Now handling font encoding PD1 ...
... no UTF-8 mapping file for font encoding PD1
)
(/usr/local/texlive/2021/texmf-dist/tex/latex/hyperref/hyperref-langpatches.def
File: hyperref-langpatches.def 2021-02-27 v7.00k Hyperref: patches for babel la
nguages
) (/usr/local/texlive/2021/texmf-dist/tex/generic/intcalc/intcalc.sty
Package: intcalc 2019/12/15 v1.3 Expandable calculations with integers (HO)
)
(/usr/local/texlive/2021/texmf-dist/tex/generic/etexcmds/etexcmds.sty
Package: etexcmds 2019/12/15 v1.7 Avoid name clashes with e-TeX commands (HO)
)
\Hy@SavedSpaceFactor=\count271

(/usr/local/texlive/2021/texmf-dist/tex/latex/hyperref/puenc.def
File: puenc.def 2021-02-27 v7.00k Hyperref: PDF Unicode definition (HO)
Now handling font encoding PU ...
... no UTF-8 mapping file for font encoding PU
)
Package hyperref Info: Option `unicode' set `true' on input line 4073.
Package hyperref Info: Option `pdfusetitle' set `true' on input line 4073.
Package hyperref Info: Option `bookmarks' set `true' on input line 4073.
Package hyperref Info: Option `bookmarksnumbered' set `true' on input line 4073
.
Package hyperref Info: Option `bookmarksopen' set `true' on input line 4073.
Package hyperref Info: Option `breaklinks' set `true' on input line 4073.
Package hyperref Info: Option `colorlinks' set `false' on input line 4073.
Package hyperref Info: Hyper figures OFF on input line 4192.
Package hyperref Info: Link nesting OFF on input line 4197.
Package hyperref Info: Hyper index ON on input line 4200.
Package hyperref Info: Plain pages OFF on input line 4207.
Package hyperref Info: Backreferencing ON on input line 4210.
Package hyperref Info: Implicit mode ON; LaTeX internals redefined.
Package hyperref Info: Bookmarks ON on input line 4445.

(/usr/local/texlive/2021/texmf-dist/tex/latex/hyperref/backref.sty
Package: backref 2021/02/04 v1.41 Bibliographical back referencing

(/usr/local/texlive/2021/texmf-dist/tex/latex/rerunfilecheck/rerunfilecheck.sty
Package: rerunfilecheck 2019/12/05 v1.9 Rerun checks for auxiliary files (HO)
(/usr/local/texlive/2021/texmf-dist/tex/latex/base/atveryend-ltx.sty
Package: atveryend-ltx 2020/08/19 v1.0a Emulation of the original atvery packag
e
with kernel methods
)
(/usr/local/texlive/2021/texmf-dist/tex/generic/uniquecounter/uniquecounter.sty
Package: uniquecounter 2019/12/15 v1.4 Provide unlimited unique counter (HO)
(/usr/local/texlive/2021/texmf-dist/tex/generic/bigintcalc/bigintcalc.sty
Package: bigintcalc 2019/12/15 v1.5 Expandable calculations on big integers (HO
)
))
Package uniquecounter Info: New unique counter `rerunfilecheck' on input line 2
86.
))
\c@Hy@tempcnt=\count272
LaTeX Info: Redefining \url on input line 4804.
\XeTeXLinkMargin=\dimen163

(/usr/local/texlive/2021/texmf-dist/tex/generic/bitset/bitset.sty
Package: bitset 2019/12/09 v1.3 Handle bit-vector datatype (HO)
)
\Fld@menulength=\count273
\Field@Width=\dimen164
\Fld@charsize=\dimen165
Package hyperref Info: Hyper figures OFF on input line 6075.
Package hyperref Info: Link nesting OFF on input line 6080.
Package hyperref Info: Hyper index ON on input line 6083.
Package hyperref Info: backreferencing ON on input line 6088.
Package hyperref Info: Link coloring OFF on input line 6095.
Package hyperref Info: Link coloring with OCG OFF on input line 6100.
Package hyperref Info: PDF/A mode OFF on input line 6105.
LaTeX Info: Redefining \ref on input line 6145.
LaTeX Info: Redefining \pageref on input line 6149.

(/usr/local/texlive/2021/texmf-dist/tex/latex/base/atbegshi-ltx.sty
Package: atbegshi-ltx 2020/08/17 v1.0a Emulation of the original atbegshi packa
ge
with kernel methods
)
\Hy@abspage=\count274
\c@Item=\count275
\c@Hfootnote=\count276
)
Package hyperref Info: Driver (autodetected): hpdftex.

(/usr/local/texlive/2021/texmf-dist/tex/latex/hyperref/hpdftex.def
File: hpdftex.def 2021-02-27 v7.00k Hyperref driver for pdfTeX
\Fld@listcount=\count277
\c@bookmark@seq@number=\count278
\Hy@SectionHShift=\skip55
)
(/usr/local/texlive/2021/texmf-dist/tex/latex/breakurl/breakurl.sty
Package: breakurl 2013/04/10 v1.40 Breakable hyperref URLs

(/usr/local/texlive/2021/texmf-dist/tex/latex/xkeyval/xkeyval.sty
Package: xkeyval 2020/11/20 v2.8 package option processing (HA)

(/usr/local/texlive/2021/texmf-dist/tex/generic/xkeyval/xkeyval.tex
(/usr/local/texlive/2021/texmf-dist/tex/generic/xkeyval/xkvutils.tex
\XKV@toks=\toks24
\XKV@tempa@toks=\toks25
)
\XKV@depth=\count279
File: xkeyval.tex 2014/12/03 v2.7a key=value parser (HA)
))
(/usr/local/texlive/2021/texmf-dist/tex/generic/iftex/ifpdf.sty
Package: ifpdf 2019/10/25 v3.4 ifpdf legacy package. Use iftex instead.
)

Package breakurl Warning: You are using breakurl while processing via pdflatex.

(breakurl)                \burl will be just a synonym of \url.
(breakurl)                 on input line 48.

) (/usr/local/texlive/2021/texmf-dist/tex/latex/titlesec/titlesec.sty
Package: titlesec 2019/10/16 v2.13 Sectioning titles
\ttl@box=\box49
\beforetitleunit=\skip56
\aftertitleunit=\skip57
\ttl@plus=\dimen166
\ttl@minus=\dimen167
\ttl@toksa=\toks26
\titlewidth=\dimen168
\titlewidthlast=\dimen169
\titlewidthfirst=\dimen170
)
(/usr/local/texlive/2021/texmf-dist/tex/latex/tocbibind/tocbibind.sty
Package: tocbibind 2010/10/13 v1.5k extra ToC listings
Package tocbibind Info: The document has section divisions on input line 50.


Package tocbibind Note: Using section or other style headings.

) (/usr/local/texlive/2021/texmf-dist/tex/latex/wrapfig/wrapfig.sty
\wrapoverhang=\dimen171
\WF@size=\dimen172
\c@WF@wrappedlines=\count280
\WF@box=\box50
\WF@everypar=\toks27
Package: wrapfig 2003/01/31  v 3.6
)
(/usr/local/texlive/2021/texmf-dist/tex/latex/xcolor/xcolor.sty
Package: xcolor 2016/05/11 v2.12 LaTeX color extensions (UK)

(/usr/local/texlive/2021/texmf-dist/tex/latex/graphics-cfg/color.cfg
File: color.cfg 2016/01/02 v1.6 sample color configuration
)
Package xcolor Info: Driver file: pdftex.def on input line 225.
LaTeX Info: Redefining \color on input line 709.
Package xcolor Info: Model `cmy' substituted by `cmy0' on input line 1348.
Package xcolor Info: Model `hsb' substituted by `rgb' on input line 1352.
Package xcolor Info: Model `RGB' extended on input line 1364.
Package xcolor Info: Model `HTML' substituted by `rgb' on input line 1366.
Package xcolor Info: Model `Hsb' substituted by `hsb' on input line 1367.
Package xcolor Info: Model `tHsb' substituted by `hsb' on input line 1368.
Package xcolor Info: Model `HSB' substituted by `hsb' on input line 1369.
Package xcolor Info: Model `Gray' substituted by `gray' on input line 1370.
Package xcolor Info: Model `wave' substituted by `hsb' on input line 1371.

(/usr/local/texlive/2021/texmf-dist/tex/latex/graphics/dvipsnam.def
File: dvipsnam.def 2016/06/17 v3.0m Driver-dependent file (DPC,SPQR)
))
\mylensection=\skip58
\mylensubsection=\skip59
\mylensubsubsection=\skip60

(/usr/local/texlive/2021/texmf-dist/tex/latex/upquote/upquote.sty
Package: upquote 2012/04/19 v1.3 upright-quote and grave-accent glyphs in verba
tim
)
LaTeX Font Info:    Trying to load font information for OT1+pplx on input line 
123.

(/usr/local/texlive/2021/texmf-dist/tex/latex/psnfss/ot1pplx.fd
File: ot1pplx.fd 2004/09/06 font definitions for OT1/pplx.
)
(/usr/local/texlive/2021/texmf-dist/tex/latex/l3backend/l3backend-pdftex.def
File: l3backend-pdftex.def 2021-03-18 L3 backend support: PDF output (pdfTeX)
\l__color_backend_stack_int=\count281
\l__pdf_internal_box=\box51
)
(./Intro2bipartite.aux

LaTeX Warning: Label `sec:nullmodels' multiply defined.

)
\openout1 = `Intro2bipartite.aux'.

LaTeX Font Info:    Checking defaults for OML/cmm/m/it on input line 123.
LaTeX Font Info:    ... okay on input line 123.
LaTeX Font Info:    Checking defaults for OMS/cmsy/m/n on input line 123.
LaTeX Font Info:    ... okay on input line 123.
LaTeX Font Info:    Checking defaults for OT1/cmr/m/n on input line 123.
LaTeX Font Info:    ... okay on input line 123.
LaTeX Font Info:    Checking defaults for T1/cmr/m/n on input line 123.
LaTeX Font Info:    ... okay on input line 123.
LaTeX Font Info:    Checking defaults for TS1/cmr/m/n on input line 123.
LaTeX Font Info:    ... okay on input line 123.
LaTeX Font Info:    Checking defaults for OMX/cmex/m/n on input line 123.
LaTeX Font Info:    ... okay on input line 123.
LaTeX Font Info:    Checking defaults for U/cmr/m/n on input line 123.
LaTeX Font Info:    ... okay on input line 123.
LaTeX Font Info:    Checking defaults for PD1/pdf/m/n on input line 123.
LaTeX Font Info:    ... okay on input line 123.
LaTeX Font Info:    Checking defaults for PU/pdf/m/n on input line 123.
LaTeX Font Info:    ... okay on input line 123.
 (/usr/local/texlive/2021/texmf-dist/tex/context/base/mkii/supp-pdf.mkii
[Loading MPS to PDF converter (version 2006.09.02).]
\scratchcounter=\count282
\scratchdimen=\dimen173
\scratchbox=\box52
\nofMPsegments=\count283
\nofMParguments=\count284
\everyMPshowfont=\toks28
\MPscratchCnt=\count285
\MPscratchDim=\dimen174
\MPnumerator=\count286
\makeMPintoPDFobject=\count287
\everyMPtoPDFconversion=\toks29
) (/usr/local/texlive/2021/texmf-dist/tex/latex/epstopdf-pkg/epstopdf-base.sty
Package: epstopdf-base 2020-01-24 v2.11 Base part for package epstopdf
Package epstopdf-base Info: Redefining graphics rule for `.eps' on input line 4
85.

(/usr/local/texlive/2021/texmf-dist/tex/latex/latexconfig/epstopdf-sys.cfg
File: epstopdf-sys.cfg 2010/07/13 v1.3 Configuration of (r)epstopdf for TeX Liv
e
))
*geometry* driver: auto-detecting
*geometry* detected driver: pdftex

Package geometry Warning: The marginal notes overrun the paper.
     Add 3.0945pt and more to the right margin.

*geometry* verbose mode - [ preamble ] result:
* driver: pdftex
* paper: a4paper
* layout: <same size as paper>
* layoutoffset:(h,v)=(0.0pt,0.0pt)
* modes: 
* h-part:(L,W,R)=(85.35826pt, 455.24411pt, 56.9055pt)
* v-part:(T,H,B)=(41.25641pt, 746.88493pt, 56.9055pt)
* \paperwidth=597.50787pt
* \paperheight=845.04684pt
* \textwidth=455.24411pt
* \textheight=746.88493pt
* \oddsidemargin=13.08827pt
* \evensidemargin=13.08827pt
* \topmargin=-68.01358pt
* \headheight=12.0pt
* \headsep=25.0pt
* \topskip=11.0pt
* \footskip=30.0pt
* \marginparwidth=50.0pt
* \marginparsep=10.0pt
* \columnsep=10.0pt
* \skip\footins=10.0pt plus 4.0pt minus 2.0pt
* \hoffset=0.0pt
* \voffset=0.0pt
* \mag=1000
* \@twocolumnfalse
* \@twosidefalse
* \@mparswitchfalse
* \@reversemarginfalse
* (1in=72.27pt=25.4mm, 1cm=28.453pt)

Package hyperref Info: Link coloring OFF on input line 123.
(/usr/local/texlive/2021/texmf-dist/tex/latex/hyperref/nameref.sty
Package: nameref 2021-04-02 v2.47 Cross-referencing by name of section

(/usr/local/texlive/2021/texmf-dist/tex/latex/refcount/refcount.sty
Package: refcount 2019/12/15 v3.6 Data extraction from label references (HO)
)
(/usr/local/texlive/2021/texmf-dist/tex/generic/gettitlestring/gettitlestring.s
ty
Package: gettitlestring 2019/12/15 v1.6 Cleanup title references (HO)
)
\c@section@level=\count288
)
LaTeX Info: Redefining \ref on input line 123.
LaTeX Info: Redefining \pageref on input line 123.
LaTeX Info: Redefining \nameref on input line 123.
 (./Intro2bipartite.out) (./Intro2bipartite.out)
\@outlinefile=\write4
\openout4 = `Intro2bipartite.out'.

Package backref Info: ** backref set up for natbib ** on input line 123.
LaTeX Font Info:    Font shape `OT1/pplx/m/sl' in size <17.28> not available
(Font)              Font shape `OT1/pplx/m/it' tried instead on input line 134.

LaTeX Font Info:    Trying to load font information for OML+zplm on input line 
134.

(/usr/local/texlive/2021/texmf-dist/tex/latex/psnfss/omlzplm.fd
File: omlzplm.fd 2002/09/08 Fontinst v1.914 font definitions for OML/zplm.
)
LaTeX Font Info:    Trying to load font information for OMS+zplm on input line 
134.

(/usr/local/texlive/2021/texmf-dist/tex/latex/psnfss/omszplm.fd
File: omszplm.fd 2002/09/08 Fontinst v1.914 font definitions for OMS/zplm.
)
LaTeX Font Info:    Trying to load font information for OMX+zplm on input line 
134.

(/usr/local/texlive/2021/texmf-dist/tex/latex/psnfss/omxzplm.fd
File: omxzplm.fd 2002/09/08 Fontinst v1.914 font definitions for OMX/zplm.
)
LaTeX Font Info:    Trying to load font information for OT1+zplm on input line 
134.

(/usr/local/texlive/2021/texmf-dist/tex/latex/psnfss/ot1zplm.fd
File: ot1zplm.fd 2002/09/08 Fontinst v1.914 font definitions for OT1/zplm.
)
(./Intro2bipartite.toc
LaTeX Font Info:    Font shape `OT1/pplx/b/sl' in size <10.95> not available
(Font)              Font shape `OT1/pplx/b/it' tried instead on input line 5.
 [1

{/usr/local/texlive/2021/texmf-var/fonts/map/pdftex/updmap/pdftex.map}])
\tf@toc=\write5
\openout5 = `Intro2bipartite.toc'.

 [2]
LaTeX Font Info:    Font shape `OT1/pplx/m/sl' in size <14.4> not available
(Font)              Font shape `OT1/pplx/m/it' tried instead on input line 176.

LaTeX Font Info:    Font shape `OT1/pplx/m/sl' in size <10.95> not available
(Font)              Font shape `OT1/pplx/m/it' tried instead on input line 179.


Overfull \hbox (15.2133pt too wide) in paragraph at lines 193--194
[]\OT1/pplx/m/n/10.95 a set of largely one-mode net-work pack-ages, in-cludes \
OT1/pplx/b/n/10.95 ergm, net-work-sis, stat-net.common,
 []


Overfull \hbox (14.94757pt too wide) in paragraph at lines 201--202
[]\OT1/pplx/m/n/10.95 at []$\OT1/cmtt/m/n/10.95 https : / / github . com / jgal
garra / bipartgraph$[]\OT1/pplx/m/n/10.95 , of-fers po-lar and Zig-gu-rat, buil
d-
 []

[3]
Overfull \hbox (9.63037pt too wide) in paragraph at lines 203--204
[]\OT1/pplx/m/n/10.95 2021[], so far only on github: []$\OT1/cmtt/m/n/10.95 htt
ps : / / github . com / Ecological-[]Complexity-[]Lab / infomap _
 []


Package xcolor Warning: Incompatible color definition on input line 213.

LaTeX Font Info:    Font shape `OT1/cmtt/bx/n' in size <10.95> not available
(Font)              Font shape `OT1/cmtt/m/n' tried instead on input line 215.

Package xcolor Warning: Incompatible color definition on input line 226.

<figures/motten1982_plotweb.pdf, id=230, 578.16pt x 433.62pt>
File: figures/motten1982_plotweb.pdf Graphic file (type pdf)
<use figures/motten1982_plotweb.pdf>
Package pdftex.def Info: figures/motten1982_plotweb.pdf  used on input line 246
.
(pdftex.def)             Requested size: 318.66948pt x 239.0012pt.
<figures/motten1982_visweb.pdf, id=231, 505.89pt x 216.81pt>
File: figures/motten1982_visweb.pdf Graphic file (type pdf)
<use figures/motten1982_visweb.pdf>
Package pdftex.def Info: figures/motten1982_visweb.pdf  used on input line 248.

(pdftex.def)             Requested size: 409.71692pt x 175.59528pt.
[4]

Package xcolor Warning: Incompatible color definition on input line 257.

<figures/motten1982_PACplot.pdf, id=249, 216.81pt x 216.81pt>
File: figures/motten1982_PACplot.pdf Graphic file (type pdf)
<use figures/motten1982_PACplot.pdf>
Package pdftex.def Info: figures/motten1982_PACplot.pdf  used on input line 270
.
(pdftex.def)             Requested size: 136.57462pt x 136.58109pt.

Package xcolor Warning: Incompatible color definition on input line 277.

[5 <./figures/motten1982_plotweb.pdf> <./figures/motten1982_visweb.pdf>]
<figures/motten1982_moduleplot.pdf, id=270, 867.24pt x 505.89pt>
File: figures/motten1982_moduleplot.pdf Graphic file (type pdf)
<use figures/motten1982_moduleplot.pdf>
Package pdftex.def Info: figures/motten1982_moduleplot.pdf  used on input line 
289.
(pdftex.def)             Requested size: 318.66948pt x 185.88724pt.


Package xcolor Warning: Incompatible color definition on input line 296.

<figures/motten1982_gplot.pdf, id=274, 1011.78pt x 505.89pt>
File: figures/motten1982_gplot.pdf Graphic file (type pdf)
<use figures/motten1982_gplot.pdf>
Package pdftex.def Info: figures/motten1982_gplot.pdf  used on input line 322.
(pdftex.def)             Requested size: 409.71692pt x 204.86116pt.
[6 <./figures/motten1982_PACplot.pdf> <./figures/motten1982_moduleplot.pdf>]
[7 <./figures/motten1982_gplot.pdf>]
Overfull \hbox (3.3853pt too wide) in paragraph at lines 349--350
[]\OT1/cmtt/m/n/10.95 connectance[]\OT1/pplx/m/n/10.95 , also called `stan-dard
-ised num-ber of species com-bi-na-tions' in bio-geo-graphic
 []


Overfull \hbox (20.69392pt too wide) in paragraph at lines 358--359
[]\OT1/cmtt/m/n/10.95 interaction strength asymmetry \OT1/pplx/m/n/10.95 ([][]B
l[]uthgen \OT1/pplx/m/it/10.95 et al.[]\OT1/pplx/m/n/10.95 , []2007[]) (or al-t
er-na-tively \OT1/cmtt/m/n/10.95 ISA \OT1/pplx/m/n/10.95 or \OT1/cmtt/m/n/10.95
 dependence
 []

[8

]

Package xcolor Warning: Incompatible color definition on input line 370.


Overfull \hbox (12.61488pt too wide) in paragraph at lines 389--390
\OT1/pplx/m/n/10.95 Indices that can be com-puted for each group sep-a-rately a
re col-lected in the func-tion \OT1/cmtt/m/n/10.95 grouplevel[]\OT1/pplx/m/n/10
.95 .[][][]
 []


Overfull \hbox (5.69669pt too wide) in paragraph at lines 397--398
[]\OT1/cmtt/m/n/10.95 C score[]\OT1/pplx/m/n/10.95 , or `checker-board-ness', w
hich av-er-ages the num-ber of in-stances of 01/10-patterns
 []

[9]
Overfull \hbox (9.22116pt too wide) in paragraph at lines 400--401
[]\OT1/cmtt/m/n/10.95 degree distribution\OT1/pplx/m/n/10.95 , fit-ting an ex-p
o-nen-tial func-tion and (trun-cated) power laws([][]Jordano
 []


Package xcolor Warning: Incompatible color definition on input line 412.


Package xcolor Warning: Incompatible color definition on input line 437.

[10]
Overfull \hbox (240.3471pt too wide) in paragraph at lines 455--455
[]\OT1/cmtt/m/n/10.95 ##   .. ..$ : chr [1:13] "Diplopterys.pubipetala" "Byrson
ima.gardnerana" "Banisteriopsis.muricata" "Heteropterys.sp1" ...[] 
 []


Overfull \hbox (119.62466pt too wide) in paragraph at lines 455--455
[]\OT1/cmtt/m/n/10.95 ##   .. ..$ : chr [1:13] "Centris.aenea" "Centris.fuscata
" "Centris.caxiensis" "Centris.tarsata" ...[] 
 []


Overfull \hbox (240.3471pt too wide) in paragraph at lines 455--455
[]\OT1/cmtt/m/n/10.95 ##   .. ..$ : chr [1:13] "Diplopterys.pubipetala" "Byrson
ima.gardnerana" "Banisteriopsis.muricata" "Heteropterys.sp1" ...[] 
 []


Overfull \hbox (119.62466pt too wide) in paragraph at lines 455--455
[]\OT1/cmtt/m/n/10.95 ##   .. ..$ : chr [1:13] "Centris.aenea" "Centris.fuscata
" "Centris.caxiensis" "Centris.tarsata" ...[] 
 []


Overfull \hbox (240.3471pt too wide) in paragraph at lines 455--455
[]\OT1/cmtt/m/n/10.95 ##   .. ..$ : chr [1:13] "Diplopterys.pubipetala" "Byrson
ima.gardnerana" "Banisteriopsis.muricata" "Heteropterys.sp1" ...[] 
 []


Overfull \hbox (119.62466pt too wide) in paragraph at lines 455--455
[]\OT1/cmtt/m/n/10.95 ##   .. ..$ : chr [1:13] "Centris.aenea" "Centris.fuscata
" "Centris.caxiensis" "Centris.tarsata" ...[] 
 []

[11]

Package xcolor Warning: Incompatible color definition on input line 488.


Package xcolor Warning: Incompatible color definition on input line 517.

[12]
<figures/betweenPlot.pdf, id=550, 354.08376pt x 203.9348pt>
File: figures/betweenPlot.pdf Graphic file (type pdf)
<use figures/betweenPlot.pdf>
Package pdftex.def Info: figures/betweenPlot.pdf  used on input line 530.
(pdftex.def)             Requested size: 341.43307pt x 196.6589pt.


Package xcolor Warning: Incompatible color definition on input line 537.


Package xcolor Warning: Incompatible color definition on input line 544.


Overfull \hbox (16.14828pt too wide) in paragraph at lines 544--544
[]\OT1/cmtt/m/n/10.95 ## Warning in as.tnet(as.one.mode(Safariland, project = "
lower")): Data assumed to
 []


Package xcolor Warning: Incompatible color definition on input line 547.


Overfull \hbox (18.04933pt too wide) in paragraph at lines 552--552
[][]\OT1/cmtt/m/n/10.95 DiagrammeR[][]::[][]get_betweenness[][](DiagrammeR[][]:
:[][]from_igraph[][]([][]tnet_igraph[][](SafPlantsEL)))[] []\OT1/cmtt/m/it/10.9
5 # 6[][] 
 []


Package xcolor Warning: Incompatible color definition on input line 563.


Overfull \hbox (102.3786pt too wide) in paragraph at lines 567--567
[]    []\OT1/cmtt/m/n/10.95 "DR:betw"[][]=DiagrammeR[][]::[][]get_betweenness[]
[](DiagrammeR[][]::[][]from_igraph[][]([][]tnet_igraph[][](SafPlantsEL)))[,[][]
2[][]],[][] 
 []


Overfull \hbox (10.3996pt too wide) in paragraph at lines 568--568
[]    []\OT1/cmtt/m/n/10.95 "i:estbetw"[][]=igraph[][]::[][]estimate_betweennes
s[][]([][]tnet_igraph[][](SafPlantsEL),[] []cutoff[][]=[][]9[][]),[][] 
 []

[13 <./figures/betweenPlot.pdf>]
Overfull \hbox (3.48871pt too wide) in paragraph at lines 600--601
[]\OT1/pplx/m/n/10.95 To sum-ma-rize: \OT1/cmtt/m/n/10.95 bipartite::BC \OT1/pp
lx/m/n/10.95 and \OT1/cmtt/m/n/10.95 influenceR::betweenness/2 \OT1/pplx/m/n/10
.95 yield val-ues as one would
 []


Overfull \hbox (30.91187pt too wide) in paragraph at lines 600--601
\OT1/pplx/m/n/10.95 ex-pect for \OT1/pplx/m/it/10.95 unique \OT1/pplx/m/n/10.95
 short-est paths; \OT1/cmtt/m/n/10.95 DiagrammeR::get[]betweenness \OT1/pplx/m/
n/10.95 and \OT1/cmtt/m/n/10.95 igraph::estimate[]betweeness
 []

[14]

Package xcolor Warning: Incompatible color definition on input line 639.


Package xcolor Warning: Incompatible color definition on input line 652.


Package xcolor Warning: Incompatible color definition on input line 664.


Overfull \hbox (10.3996pt too wide) in paragraph at lines 682--682
[]\OT1/cmtt/m/n/10.95 ##                            PC8     PC9    PC10    PC11
    PC12    PC13    PC14[] 
 []


Overfull \hbox (10.3996pt too wide) in paragraph at lines 682--682
[]\OT1/cmtt/m/n/10.95 ## Standard deviation     0.81058 0.64158 0.62560 0.56960
 0.49217 0.43179 0.36230[] 
 []


Overfull \hbox (10.3996pt too wide) in paragraph at lines 682--682
[]\OT1/cmtt/m/n/10.95 ## Proportion of Variance 0.01428 0.00895 0.00851 0.00705
 0.00527 0.00405 0.00285[] 
 []


Overfull \hbox (10.3996pt too wide) in paragraph at lines 682--682
[]\OT1/cmtt/m/n/10.95 ## Cumulative Proportion  0.95812 0.96707 0.97558 0.98263
 0.98789 0.99195 0.99480[] 
 []


Overfull \hbox (16.14828pt too wide) in paragraph at lines 682--682
[]\OT1/cmtt/m/n/10.95 ##                           PC15    PC16   PC17    PC18 
   PC19    PC20      PC21[] 
 []


Overfull \hbox (16.14828pt too wide) in paragraph at lines 682--682
[]\OT1/cmtt/m/n/10.95 ## Standard deviation     0.26591 0.25249 0.2254 0.18080 
0.11401 0.09049 7.038e-16[] 
 []


Overfull \hbox (16.14828pt too wide) in paragraph at lines 682--682
[]\OT1/cmtt/m/n/10.95 ## Proportion of Variance 0.00154 0.00139 0.0011 0.00071 
0.00028 0.00018 0.000e+00[] 
 []


Overfull \hbox (16.14828pt too wide) in paragraph at lines 682--682
[]\OT1/cmtt/m/n/10.95 ## Cumulative Proportion  0.99634 0.99772 0.9988 0.99954 
0.99982 1.00000 1.000e+00[] 
 []


Package xcolor Warning: Incompatible color definition on input line 689.

[15]
<figures/PCAnetworklevel.pdf, id=584, 505.89pt x 505.89pt>
File: figures/PCAnetworklevel.pdf Graphic file (type pdf)
<use figures/PCAnetworklevel.pdf>
Package pdftex.def Info: figures/PCAnetworklevel.pdf  used on input line 751.
(pdftex.def)             Requested size: 364.19667pt x 364.20192pt.


Package xcolor Warning: Incompatible color definition on input line 760.

[16]
<figures/clusternetworklevel.pdf, id=591, 689.04974pt x 402.59561pt>
File: figures/clusternetworklevel.pdf Graphic file (type pdf)
<use figures/clusternetworklevel.pdf>
Package pdftex.def Info: figures/clusternetworklevel.pdf  used on input line 77
5.
(pdftex.def)             Requested size: 364.19667pt x 212.79106pt.

Overfull \hbox (8.99203pt too wide) in paragraph at lines 780--781
\OT1/pplx/m/n/10.95 one clus-ter (to-wards the left, with ex-tinc-tion.slope.HL
 but also to-wards the cen-tre, with weighted
 []

[17 <./figures/PCAnetworklevel.pdf>] [18 <./figures/clusternetworklevel.pdf>]
[19]

Package xcolor Warning: Incompatible color definition on input line 845.

<figures/NODFnull.pdf, id=735, 361.35pt x 361.35pt>
File: figures/NODFnull.pdf Graphic file (type pdf)
<use figures/NODFnull.pdf>
Package pdftex.def Info: figures/NODFnull.pdf  used on input line 864.
(pdftex.def)             Requested size: 227.62206pt x 227.62413pt.
[20]

Package xcolor Warning: Incompatible color definition on input line 887.

[21 <./figures/NODFnull.pdf>]
LaTeX Font Info:    Trying to load font information for OMS+cmtt on input line 
893.

(/Library/Frameworks/R.framework/Resources/share/texmf/tex/latex/omscmtt.fd
File: omscmtt.fd 
)
LaTeX Font Info:    Font shape `OMS/cmtt/m/n' in size <10.95> not available
(Font)              Font shape `OMS/cmsy/m/n' tried instead on input line 893.


Package xcolor Warning: Incompatible color definition on input line 906.


Package xcolor Warning: Incompatible color definition on input line 918.

<figures/cattle_nullmodelled.pdf, id=774, 505.89pt x 505.89pt>
File: figures/cattle_nullmodelled.pdf Graphic file (type pdf)
<use figures/cattle_nullmodelled.pdf>
Package pdftex.def Info: figures/cattle_nullmodelled.pdf  used on input line 93
2.
(pdftex.def)             Requested size: 227.62206pt x 227.62523pt.

Package xcolor Warning: Incompatible color definition on input line 938.

[22]
<figures/random_small_high_nonoise_small.pdf, id=802, 1210.5225pt x 730.73pt>
File: figures/random_small_high_nonoise_small.pdf Graphic file (type pdf)
<use figures/random_small_high_nonoise_small.pdf>
Package pdftex.def Info: figures/random_small_high_nonoise_small.pdf  used on i
nput line 966.
(pdftex.def)             Requested size: 145.68144pt x 87.94026pt.
<figures/CA_small_high_nonoise_small.pdf, id=803, 1211.52625pt x 729.72626pt>
File: figures/CA_small_high_nonoise_small.pdf Graphic file (type pdf)
<use figures/CA_small_high_nonoise_small.pdf>
Package pdftex.def Info: figures/CA_small_high_nonoise_small.pdf  used on input
 line 968.
(pdftex.def)             Requested size: 145.68144pt x 87.74152pt.
<figures/sorted_small_high_nonoise_small.pdf, id=804, 1136.245pt x 684.5575pt>
File: figures/sorted_small_high_nonoise_small.pdf Graphic file (type pdf)
<use figures/sorted_small_high_nonoise_small.pdf>
Package pdftex.def Info: figures/sorted_small_high_nonoise_small.pdf  used on i
nput line 970.
(pdftex.def)             Requested size: 145.68144pt x 87.76302pt.
<figures/memmott1999_nested_modules_small.png, id=808, 1319.93124pt x 848.16875
pt>
File: figures/memmott1999_nested_modules_small.png Graphic file (type png)
<use figures/memmott1999_nested_modules_small.png>
Package pdftex.def Info: figures/memmott1999_nested_modules_small.png  used on 
input line 980.
(pdftex.def)             Requested size: 364.19667pt x 234.0301pt.
<figures/poll_mod_QvsH2.pdf, id=810, 505.89pt x 505.89pt>
File: figures/poll_mod_QvsH2.pdf Graphic file (type pdf)
<use figures/poll_mod_QvsH2.pdf>
Package pdftex.def Info: figures/poll_mod_QvsH2.pdf  used on input line 991.
(pdftex.def)             Requested size: 204.85846pt x 204.86116pt.
 [23 <./figures/cattle_nullmodelled.pdf> <./figures/random_small_high_nonoise_s
mall.pdf> <./figures/CA_small_high_nonoise_small.pdf> <./figures/sorted_small_h
igh_nonoise_small.pdf>] [24 <./figures/memmott1999_nested_modules_small.png> <.
/figures/poll_mod_QvsH2.pdf>]
<figures/czvalues_memmott_pollinators.pdf, id=1049, 505.89pt x 505.89pt>
File: figures/czvalues_memmott_pollinators.pdf Graphic file (type pdf)
<use figures/czvalues_memmott_pollinators.pdf>
Package pdftex.def Info: figures/czvalues_memmott_pollinators.pdf  used on inpu
t line 1015.
(pdftex.def)             Requested size: 218.51521pt x 218.51651pt.
<figures/czvalues_memmott_plants.pdf, id=1050, 505.89pt x 505.89pt>
File: figures/czvalues_memmott_plants.pdf Graphic file (type pdf)
<use figures/czvalues_memmott_plants.pdf>
Package pdftex.def Info: figures/czvalues_memmott_plants.pdf  used on input lin
e 1017.
(pdftex.def)             Requested size: 218.51521pt x 218.51651pt.
 [25 <./figures/czvalues_memmott_pollinators.pdf> <./figures/czvalues_memmott_p
lants.pdf>]
Underfull \hbox (badness 10000) in paragraph at lines 1030--1030
[][][]\OT1/pplx/m/n/9 Partly based on this ques-tion on SO: []$\OT1/cmtt/m/n/9 
https : / / stackoverflow . com / questions / 31366066 /
 []


Overfull \hbox (32.21494pt too wide) in paragraph at lines 1035--1036
[]$\OT1/cmtt/m/n/10.95 https : / / kateto . net / netscix2016 . html$[]\OT1/ppl
x/m/n/10.95 ; []$\OT1/cmtt/m/n/10.95 https : / / rpubs . com / pjmurphy / 31783
8$[]\OT1/pplx/m/n/10.95 ; []$\OT1/cmtt/m/n/10.95 https : / / igraph .
 []


Package xcolor Warning: Incompatible color definition on input line 1040.

[26]
Overfull \hbox (23.01045pt too wide) in paragraph at lines 1082--1083
[]\OT1/pplx/m/n/10.95 The Rnw source of this doc-u-ment is at []$\OT1/cmtt/m/n/
10.95 https : / / github . com / biometry / bipartite / bipartite /
 []

(./Intro2bipartite.bbl (./Intro2bipartite.brf)
\tf@brf=\write6
\openout6 = `Intro2bipartite.brf'.

 [27] [28] [29])
(./Intro2bipartite.ind [30] [31


]) (./Intro2bipartite.aux)

LaTeX Warning: There were multiply-defined labels.

Package rerunfilecheck Info: File `Intro2bipartite.out' has not changed.
(rerunfilecheck)             Checksum: DA1307C80E628DF695B7FBFA2DCC3C4D;7343.
Package rerunfilecheck Info: File `Intro2bipartite.brf' has not changed.
(rerunfilecheck)             Checksum: 77091912024B971713454E3674ABA6AB;5767.
 ) 
Here is how much of TeX's memory you used:
 11949 strings out of 478994
 177113 string characters out of 5858183
 517097 words of memory out of 5000000
 28906 multiletter control sequences out of 15000+600000
 454531 words of font info for 148 fonts, out of 8000000 for 9000
 1141 hyphenation exceptions out of 8191
 98i,11n,102p,1514b,638s stack positions out of 5000i,500n,10000p,200000b,80000s
{/usr/local/texlive/2021/texmf-dist/fonts/enc/dvips/base/8r.enc}</usr/local/t
exlive/2021/texmf-dist/fonts/type1/public/amsfonts/cm/cmitt10.pfb></usr/local/t
exlive/2021/texmf-dist/fonts/type1/public/amsfonts/cm/cmmi10.pfb></usr/local/te
xlive/2021/texmf-dist/fonts/type1/public/amsfonts/cm/cmr10.pfb></usr/local/texl
ive/2021/texmf-dist/fonts/type1/public/amsfonts/cm/cmsy10.pfb></usr/local/texli
ve/2021/texmf-dist/fonts/type1/public/amsfonts/cm/cmtt10.pfb></usr/local/texliv
e/2021/texmf-dist/fonts/type1/public/amsfonts/cm/cmtt9.pfb></usr/local/texlive/
2021/texmf-dist/fonts/type1/public/mathpazo/fplmr.pfb></usr/local/texlive/2021/
texmf-dist/fonts/type1/public/mathpazo/fplmri.pfb></usr/local/texlive/2021/texm
f-dist/fonts/type1/urw/palatino/uplb8a.pfb></usr/local/texlive/2021/texmf-dist/
fonts/type1/urw/palatino/uplbi8a.pfb></usr/local/texlive/2021/texmf-dist/fonts/
type1/urw/palatino/uplr8a.pfb></usr/local/texlive/2021/texmf-dist/fonts/type1/u
rw/palatino/uplri8a.pfb>
Output written on Intro2bipartite.pdf (31 pages, 1119760 bytes).
PDF statistics:
 1383 PDF objects out of 1440 (max. 8388607)
 1243 compressed objects within 13 object streams
 258 named destinations out of 1000 (max. 500000)
 342 words of extra memory for PDF output out of 10000 (max. 10000000)

